[2022-02-16 21:01:09,961: INFO/MainProcess] Connected to redis://redis:6379/0
[2022-02-16 21:01:09,965: INFO/MainProcess] mingle: searching for neighbors
[2022-02-16 21:01:10,977: INFO/MainProcess] mingle: all alone
[2022-02-16 21:01:10,994: INFO/MainProcess] celery@f9921f0e0b83 ready.
[2022-02-16 21:01:23,349: INFO/MainProcess] Task create_task[ceb6cffc-e426-4970-a5df-5a1fac4478cc] received
[2022-02-16 21:01:33,378: INFO/ForkPoolWorker-7] Task create_task[ceb6cffc-e426-4970-a5df-5a1fac4478cc] succeeded in 10.025073800003156s: True
[2022-02-16 21:05:56,474: INFO/MainProcess] Connected to redis://redis:6379/0
[2022-02-16 21:05:56,480: INFO/MainProcess] mingle: searching for neighbors
[2022-02-16 21:05:57,496: INFO/MainProcess] mingle: all alone
[2022-02-16 21:05:57,524: INFO/MainProcess] celery@ccd05c900b23 ready.
[2022-02-16 21:08:15,587: INFO/MainProcess] Connected to redis://redis:6379/0
[2022-02-16 21:08:15,591: INFO/MainProcess] mingle: searching for neighbors
[2022-02-16 21:08:16,602: INFO/MainProcess] mingle: all alone
[2022-02-16 21:08:16,619: INFO/MainProcess] celery@fd59f8fcf248 ready.
[2022-02-16 21:08:21,102: INFO/MainProcess] Events of group {task} enabled by remote.
[2022-02-16 21:09:17,007: INFO/MainProcess] Task create_task[63dd73eb-9eda-4fc7-8c04-dcf852c187ca] received
[2022-02-16 21:09:18,598: INFO/MainProcess] Task create_task[1be3d2fe-dd51-42e4-b2e5-9d6fd9d511a8] received
[2022-02-16 21:09:20,353: INFO/MainProcess] Task create_task[da68bdeb-d052-4149-8417-699740187498] received
[2022-02-16 21:09:21,683: INFO/MainProcess] Task create_task[9e367cd1-81f6-4b6c-aab7-336b2eb42026] received
[2022-02-16 21:09:22,367: INFO/MainProcess] Task create_task[ba55016e-8eb8-41b8-9c11-884b4ea71113] received
[2022-02-16 21:09:23,023: INFO/MainProcess] Task create_task[55ee8b9d-bd28-477d-94f3-16539392cad0] received
[2022-02-16 21:09:27,019: INFO/ForkPoolWorker-7] Task create_task[63dd73eb-9eda-4fc7-8c04-dcf852c187ca] succeeded in 10.007605899998453s: True
[2022-02-16 21:09:31,702: INFO/ForkPoolWorker-2] Task create_task[9e367cd1-81f6-4b6c-aab7-336b2eb42026] succeeded in 10.01563239999814s: True
[2022-02-16 21:09:32,389: INFO/ForkPoolWorker-3] Task create_task[ba55016e-8eb8-41b8-9c11-884b4ea71113] succeeded in 10.017498500004876s: True
[2022-02-16 21:09:33,046: INFO/ForkPoolWorker-4] Task create_task[55ee8b9d-bd28-477d-94f3-16539392cad0] succeeded in 10.018922599963844s: True
[2022-02-16 21:09:38,591: INFO/ForkPoolWorker-8] Task create_task[1be3d2fe-dd51-42e4-b2e5-9d6fd9d511a8] succeeded in 20.023398499994073s: True
[2022-02-16 21:09:50,355: INFO/ForkPoolWorker-1] Task create_task[da68bdeb-d052-4149-8417-699740187498] succeeded in 30.032274500001222s: True
[2022-02-16 21:10:02,365: INFO/MainProcess] Connected to redis://redis:6379/0
[2022-02-16 21:10:02,370: INFO/MainProcess] mingle: searching for neighbors
[2022-02-16 21:10:02,608: INFO/MainProcess] Connected to redis://redis:6379/0
[2022-02-16 21:10:02,614: INFO/MainProcess] mingle: searching for neighbors
[2022-02-16 21:10:02,613: INFO/MainProcess] Connected to redis://redis:6379/0
[2022-02-16 21:10:02,619: INFO/MainProcess] mingle: searching for neighbors
[2022-02-16 21:10:03,389: INFO/MainProcess] mingle: all alone
[2022-02-16 21:10:03,406: INFO/MainProcess] celery@f4816d6c1e17 ready.
[2022-02-16 21:10:03,626: INFO/MainProcess] mingle: all alone
[2022-02-16 21:10:03,630: INFO/MainProcess] mingle: all alone
[2022-02-16 21:10:03,644: INFO/MainProcess] celery@d061bc3bb074 ready.
[2022-02-16 21:10:03,646: INFO/MainProcess] celery@d1c806a2199b ready.
[2022-02-16 21:10:05,805: INFO/MainProcess] Task create_task[82ec16fb-6293-49b9-b7c9-6a1b560586dd] received
[2022-02-16 21:10:06,582: INFO/MainProcess] Task create_task[4f33b939-e849-4354-9012-77d715e6eae4] received
[2022-02-16 21:10:07,837: INFO/MainProcess] Task create_task[b3b2d236-a5d8-4427-880b-8db437a75feb] received
[2022-02-16 21:10:08,080: INFO/MainProcess] Events of group {task} enabled by remote.
[2022-02-16 21:10:08,080: INFO/MainProcess] Events of group {task} enabled by remote.
[2022-02-16 21:10:08,080: INFO/MainProcess] Events of group {task} enabled by remote.
[2022-02-16 21:10:10,526: INFO/MainProcess] Task create_task[00ec388c-ba20-47d2-9867-0724c7034c38] received
[2022-02-16 21:10:11,609: INFO/MainProcess] Task create_task[d10baa54-d5b9-4de3-90a5-bac9f09f482e] received
[2022-02-16 21:10:13,186: INFO/MainProcess] Task create_task[081fce78-9dec-44ca-a844-0e7a6d2dc298] received
[2022-02-16 21:10:14,346: INFO/MainProcess] Task create_task[725b9225-819c-4f3c-9a00-6653e76637a4] received
[2022-02-16 21:10:15,790: INFO/ForkPoolWorker-7] Task create_task[82ec16fb-6293-49b9-b7c9-6a1b560586dd] succeeded in 10.015644100029022s: True
[2022-02-16 21:10:16,565: INFO/ForkPoolWorker-7] Task create_task[4f33b939-e849-4354-9012-77d715e6eae4] succeeded in 10.014254699985031s: True
[2022-02-16 21:10:17,826: INFO/ForkPoolWorker-8] Task create_task[b3b2d236-a5d8-4427-880b-8db437a75feb] succeeded in 10.019260900036898s: True
[2022-02-16 21:10:25,805: INFO/MainProcess] Task create_task[d8d27dc7-5af0-4b52-b178-99a4aa660718] received
[2022-02-16 21:10:29,288: INFO/MainProcess] Task create_task[4a808dd4-d97e-49ef-b7b0-2185c0fab210] received
[2022-02-16 21:10:30,561: INFO/ForkPoolWorker-8] Task create_task[00ec388c-ba20-47d2-9867-0724c7034c38] succeeded in 20.03153660002863s: True
[2022-02-16 21:10:31,044: INFO/MainProcess] Task create_task[006f4446-f544-45d3-842f-5829a10ac502] received
[2022-02-16 21:10:31,641: INFO/ForkPoolWorker-7] Task create_task[d10baa54-d5b9-4de3-90a5-bac9f09f482e] succeeded in 20.027840199996717s: True
[2022-02-16 21:10:34,376: INFO/ForkPoolWorker-1] Task create_task[725b9225-819c-4f3c-9a00-6653e76637a4] succeeded in 20.026221800013445s: True
[2022-02-16 21:10:35,824: INFO/ForkPoolWorker-7] Task create_task[d8d27dc7-5af0-4b52-b178-99a4aa660718] succeeded in 10.01432030001888s: True
[2022-02-16 21:10:41,030: INFO/ForkPoolWorker-2] Task create_task[006f4446-f544-45d3-842f-5829a10ac502] succeeded in 10.017253800004255s: True
[2022-02-16 21:10:43,183: INFO/ForkPoolWorker-8] Task create_task[081fce78-9dec-44ca-a844-0e7a6d2dc298] succeeded in 30.025924300018232s: True
[2022-02-16 21:11:19,171: INFO/MainProcess] Connected to redis://redis:6379/0
[2022-02-16 21:11:19,174: INFO/MainProcess] mingle: searching for neighbors
[2022-02-16 21:11:20,187: INFO/MainProcess] mingle: all alone
[2022-02-16 21:11:20,203: INFO/MainProcess] celery@896d86af2108 ready.
[2022-02-16 21:11:24,671: INFO/MainProcess] Events of group {task} enabled by remote.
[2022-02-16 21:14:10,145: INFO/MainProcess] Task create_task[4ecddb30-35c8-4399-9f14-8bd532ef74b7] received
[2022-02-16 21:14:10,152: INFO/ForkPoolWorker-7] Task create_task[4ecddb30-35c8-4399-9f14-8bd532ef74b7] succeeded in 0.004089999943971634s: True
[2022-02-16 21:15:22,495: INFO/MainProcess] Task create_task[bf4fb287-e4f2-424d-bbf8-da4a064c91b8] received
[2022-02-16 21:15:22,499: INFO/ForkPoolWorker-7] Task create_task[bf4fb287-e4f2-424d-bbf8-da4a064c91b8] succeeded in 0.000928599969483912s: True
[2022-02-16 21:27:34,065: INFO/MainProcess] Connected to redis://redis:6379/0
[2022-02-16 21:27:34,071: INFO/MainProcess] mingle: searching for neighbors
[2022-02-16 21:27:35,083: INFO/MainProcess] mingle: all alone
[2022-02-16 21:27:35,099: INFO/MainProcess] celery@497fce8c9606 ready.
[2022-02-16 21:27:39,514: INFO/MainProcess] Events of group {task} enabled by remote.
[2022-02-16 21:28:20,282: INFO/MainProcess] Connected to redis://redis:6379/0
[2022-02-16 21:28:20,286: INFO/MainProcess] mingle: searching for neighbors
[2022-02-16 21:28:21,297: INFO/MainProcess] mingle: all alone
[2022-02-16 21:28:21,313: INFO/MainProcess] celery@8374b135e841 ready.
[2022-02-16 21:28:25,769: INFO/MainProcess] Events of group {task} enabled by remote.
[2022-02-16 21:28:39,261: INFO/MainProcess] Task create_task[393545d9-fd90-49d9-8f9d-ed0ef4cd7aec] received
[2022-02-16 21:28:49,280: INFO/ForkPoolWorker-7] Task create_task[393545d9-fd90-49d9-8f9d-ed0ef4cd7aec] succeeded in 10.01493579999078s: True
[2022-02-16 21:29:26,493: INFO/MainProcess] Task create_task[d39c559e-0e3e-4de7-91dc-7f2ef898fa68] received
[2022-02-16 21:29:26,498: INFO/ForkPoolWorker-7] Task create_task[d39c559e-0e3e-4de7-91dc-7f2ef898fa68] succeeded in 0.0014217999996617436s: True
[2022-02-24 15:27:45,608: INFO/MainProcess] Connected to redis://redis:6379/0
[2022-02-24 15:27:45,612: INFO/MainProcess] mingle: searching for neighbors
[2022-02-24 15:27:46,625: INFO/MainProcess] mingle: all alone
[2022-02-24 15:27:46,652: INFO/MainProcess] celery@c2c9e2e8a280 ready.
[2022-02-24 15:27:50,960: INFO/MainProcess] Events of group {task} enabled by remote.
[2022-02-24 15:28:11,879: INFO/MainProcess] Task create_task[0e482279-2ac7-4c80-9a30-805635b4035b] received
[2022-02-24 15:28:21,894: INFO/ForkPoolWorker-7] Task create_task[0e482279-2ac7-4c80-9a30-805635b4035b] succeeded in 10.012254194996785s: True
[2022-02-24 15:29:05,718: INFO/MainProcess] Task create_task[04791bfe-78f7-42c5-99e2-95e0299f59ab] received
[2022-02-24 15:29:15,733: INFO/ForkPoolWorker-7] Task create_task[04791bfe-78f7-42c5-99e2-95e0299f59ab] succeeded in 10.012504117999924s: True
[2022-02-24 15:29:32,193: INFO/MainProcess] Task create_task[f435cfc4-0622-49ea-81d0-7f56281ca986] received
[2022-02-24 15:30:22,244: INFO/ForkPoolWorker-7] Task create_task[f435cfc4-0622-49ea-81d0-7f56281ca986] succeeded in 50.04926657001488s: True
[2022-02-24 15:30:51,455: INFO/MainProcess] Task create_task[9a2ea27d-4f46-409a-9a70-e52d4f6826ab] received
[2022-02-24 15:31:11,465: INFO/ForkPoolWorker-7] Task create_task[9a2ea27d-4f46-409a-9a70-e52d4f6826ab] succeeded in 20.007278581004357s: True
[2022-02-24 15:34:25,363: INFO/MainProcess] Task create_task[905c79a0-6568-4ce4-b146-258edad8812e] received
[2022-02-24 15:34:55,398: INFO/ForkPoolWorker-7] Task create_task[905c79a0-6568-4ce4-b146-258edad8812e] succeeded in 30.03290736398776s: True
[2022-02-24 15:35:27,813: INFO/MainProcess] Task create_task[3b3c389d-6722-46c8-a9ab-791d28436cfb] received
[2022-02-24 15:35:37,829: INFO/ForkPoolWorker-7] Task create_task[3b3c389d-6722-46c8-a9ab-791d28436cfb] succeeded in 10.010868170007598s: True
[2022-02-24 15:35:57,866: INFO/MainProcess] Connected to redis://redis:6379/0
[2022-02-24 15:35:57,869: INFO/MainProcess] mingle: searching for neighbors
[2022-02-24 15:35:58,888: INFO/MainProcess] mingle: all alone
[2022-02-24 15:35:58,910: INFO/MainProcess] celery@8e2e1e1a788a ready.
[2022-02-24 15:36:03,464: INFO/MainProcess] Events of group {task} enabled by remote.
[2022-02-24 15:36:12,896: INFO/MainProcess] Task create_task[64d1c52e-bb20-4f86-aed8-645d2e8dbae6] received
[2022-02-24 15:36:32,918: INFO/ForkPoolWorker-7] Task create_task[64d1c52e-bb20-4f86-aed8-645d2e8dbae6] succeeded in 20.019885217014235s: True
[2022-02-24 15:37:16,474: INFO/MainProcess] Task create_task[31403873-dd04-4bcd-90a2-6f017fe2b2d5] received
[2022-02-24 15:37:17,570: INFO/MainProcess] Task create_task[ebe63669-33da-4864-ad00-08daa46d33ee] received
[2022-02-24 15:37:18,121: INFO/MainProcess] Task create_task[090a47cb-fb9c-4607-9fa7-8f349c6681ec] received
[2022-02-24 15:37:18,746: INFO/MainProcess] Task create_task[e707c2db-3244-48b3-823a-36abf41a4fd2] received
[2022-02-24 15:37:19,298: INFO/MainProcess] Task create_task[b58a7850-d86e-4c76-bf3d-644efb7f608a] received
[2022-02-24 15:37:19,758: INFO/MainProcess] Task create_task[b9232dd7-56fe-4f6f-8d10-76f33ff27dff] received
[2022-02-24 15:37:20,302: INFO/MainProcess] Task create_task[0df7a8cd-ba8f-4310-a4ed-62e5a6b93fd6] received
[2022-02-24 15:37:20,881: INFO/MainProcess] Task create_task[d0042c9b-e899-419c-a625-a55a0320b753] received
[2022-02-24 15:37:21,473: INFO/MainProcess] Task create_task[98cf5da8-e16c-4915-a815-9e3f6112b740] received
[2022-02-24 15:37:21,964: INFO/MainProcess] Task create_task[515ecf41-a849-498a-ad9f-c42ba8f02ac1] received
[2022-02-24 15:37:22,467: INFO/MainProcess] Task create_task[be1aaefd-cf0e-4488-b286-a051c6b3f977] received
[2022-02-24 15:37:22,901: INFO/MainProcess] Task create_task[6c64aeb9-08aa-4663-9d8a-32d25cd02257] received
[2022-02-24 15:37:23,289: INFO/MainProcess] Task create_task[b0b6d814-7925-4d37-b768-8e80a3675061] received
[2022-02-24 15:37:24,025: INFO/MainProcess] Task create_task[babbf659-0e4a-4a68-8b0b-c9b4f01141f9] received
[2022-02-24 15:37:24,656: INFO/MainProcess] Task create_task[62af35cc-d6fb-4d48-8760-9339495e84d3] received
[2022-02-24 15:37:25,322: INFO/MainProcess] Task create_task[1532bf5b-26d4-45bb-a47e-f9dd6e6edcb0] received
[2022-02-24 15:37:27,622: INFO/ForkPoolWorker-8] Task create_task[ebe63669-33da-4864-ad00-08daa46d33ee] succeeded in 10.046130579983583s: True
[2022-02-24 15:37:29,322: INFO/ForkPoolWorker-3] Task create_task[b58a7850-d86e-4c76-bf3d-644efb7f608a] succeeded in 10.018002427008469s: True
[2022-02-24 15:37:30,904: INFO/ForkPoolWorker-6] Task create_task[d0042c9b-e899-419c-a625-a55a0320b753] succeeded in 10.016737454017857s: True
[2022-02-24 15:37:38,150: INFO/ForkPoolWorker-1] Task create_task[090a47cb-fb9c-4607-9fa7-8f349c6681ec] succeeded in 20.02251062702271s: True
[2022-02-24 15:37:39,792: INFO/ForkPoolWorker-4] Task create_task[b9232dd7-56fe-4f6f-8d10-76f33ff27dff] succeeded in 20.027358145976905s: True
[2022-02-24 15:37:40,327: INFO/ForkPoolWorker-5] Task create_task[0df7a8cd-ba8f-4310-a4ed-62e5a6b93fd6] succeeded in 20.02239449098124s: True
[2022-02-24 15:37:40,920: INFO/ForkPoolWorker-6] Task create_task[be1aaefd-cf0e-4488-b286-a051c6b3f977] succeeded in 10.009752591024153s: True
[2022-02-24 15:37:46,510: INFO/ForkPoolWorker-7] Task create_task[31403873-dd04-4bcd-90a2-6f017fe2b2d5] succeeded in 30.031757736986037s: True
[2022-02-24 15:37:47,650: INFO/ForkPoolWorker-8] Task create_task[98cf5da8-e16c-4915-a815-9e3f6112b740] succeeded in 20.020343851996586s: True
[2022-02-24 15:37:48,791: INFO/ForkPoolWorker-2] Task create_task[e707c2db-3244-48b3-823a-36abf41a4fd2] succeeded in 30.03782751498511s: True
[2022-02-24 15:37:50,342: INFO/ForkPoolWorker-5] Task create_task[babbf659-0e4a-4a68-8b0b-c9b4f01141f9] succeeded in 10.012521753000328s: True
[2022-02-24 15:37:58,173: INFO/ForkPoolWorker-1] Task create_task[6c64aeb9-08aa-4663-9d8a-32d25cd02257] succeeded in 20.0217942869931s: True
[2022-02-24 15:37:59,360: INFO/ForkPoolWorker-3] Task create_task[515ecf41-a849-498a-ad9f-c42ba8f02ac1] succeeded in 30.031600424990756s: True
[2022-02-24 15:38:00,944: INFO/ForkPoolWorker-6] Task create_task[62af35cc-d6fb-4d48-8760-9339495e84d3] succeeded in 20.023233330983203s: True
[2022-02-24 15:38:09,828: INFO/ForkPoolWorker-4] Task create_task[b0b6d814-7925-4d37-b768-8e80a3675061] succeeded in 30.030802245019004s: True
[2022-02-24 15:38:16,546: INFO/ForkPoolWorker-7] Task create_task[1532bf5b-26d4-45bb-a47e-f9dd6e6edcb0] succeeded in 30.03153663201374s: True
[2022-02-24 15:39:00,833: INFO/MainProcess] Connected to redis://redis:6379/0
[2022-02-24 15:39:00,839: INFO/MainProcess] mingle: searching for neighbors
[2022-02-24 15:39:01,510: INFO/MainProcess] Connected to redis://redis:6379/0
[2022-02-24 15:39:01,514: INFO/MainProcess] mingle: searching for neighbors
[2022-02-24 15:39:01,584: INFO/MainProcess] Connected to redis://redis:6379/0
[2022-02-24 15:39:01,588: INFO/MainProcess] mingle: searching for neighbors
[2022-02-24 15:39:01,619: INFO/MainProcess] Connected to redis://redis:6379/0
[2022-02-24 15:39:01,622: INFO/MainProcess] mingle: searching for neighbors
[2022-02-24 15:39:01,856: INFO/MainProcess] mingle: all alone
[2022-02-24 15:39:01,872: INFO/MainProcess] celery@4bb46961eaee ready.
[2022-02-24 15:39:02,528: INFO/MainProcess] mingle: all alone
[2022-02-24 15:39:02,548: INFO/MainProcess] celery@caaed21bbc80 ready.
[2022-02-24 15:39:02,601: INFO/MainProcess] mingle: all alone
[2022-02-24 15:39:02,633: INFO/MainProcess] mingle: all alone
[2022-02-24 15:39:02,634: INFO/MainProcess] celery@11de14aab7d9 ready.
[2022-02-24 15:39:02,650: INFO/MainProcess] celery@e5a74fbfdb62 ready.
[2022-02-24 15:39:07,033: INFO/MainProcess] Events of group {task} enabled by remote.
[2022-02-24 15:39:07,033: INFO/MainProcess] Events of group {task} enabled by remote.
[2022-02-24 15:39:07,033: INFO/MainProcess] Events of group {task} enabled by remote.
[2022-02-24 15:39:07,034: INFO/MainProcess] Events of group {task} enabled by remote.
[2022-02-24 15:39:21,271: INFO/MainProcess] Task create_task[7273a59f-e687-460d-854e-dea9c7ddceae] received
[2022-02-24 15:39:31,286: INFO/ForkPoolWorker-7] Task create_task[7273a59f-e687-460d-854e-dea9c7ddceae] succeeded in 10.012814168003388s: True
[2022-02-24 15:39:55,010: INFO/MainProcess] Task create_task[250dfdd8-a795-4478-8d0d-52c0179f4242] received
[2022-02-24 15:39:55,498: INFO/MainProcess] Task create_task[9f97775f-a88b-406e-887a-a4b7ce72680f] received
[2022-02-24 15:39:55,875: INFO/MainProcess] Task create_task[03353ed7-cbb4-427c-80ff-a27f598388d7] received
[2022-02-24 15:39:56,290: INFO/MainProcess] Task create_task[705679f2-8b21-4f79-a6b2-6532fd1ad706] received
[2022-02-24 15:39:56,628: INFO/MainProcess] Task create_task[62822c86-effd-4fdf-b472-790e5925b98d] received
[2022-02-24 15:39:57,046: INFO/MainProcess] Task create_task[2c3da395-c6d3-4770-8845-a27e369a65fa] received
[2022-02-24 15:39:57,433: INFO/MainProcess] Task create_task[01eeab20-f8c5-4159-8a4d-a0fb1ac36e91] received
[2022-02-24 15:39:57,642: INFO/MainProcess] Task create_task[077a3691-9bf2-40b0-8569-8bd1ce1a5eda] received
[2022-02-24 15:39:57,876: INFO/MainProcess] Task create_task[bd0a3575-bf49-4d83-8aac-9c1211780caf] received
[2022-02-24 15:39:58,228: INFO/MainProcess] Task create_task[0c23297a-43b3-4b49-b725-0443a5e3cacc] received
[2022-02-24 15:39:58,539: INFO/MainProcess] Task create_task[404430b1-aa09-4506-b355-b0cf17392500] received
[2022-02-24 15:39:59,027: INFO/MainProcess] Task create_task[28737781-5afe-445b-a988-7784d651f769] received
[2022-02-24 15:39:59,492: INFO/MainProcess] Task create_task[1c0376a7-71d0-4787-8ca5-bc087db0a2e4] received
[2022-02-24 15:39:59,780: INFO/MainProcess] Task create_task[70db2d6e-1fe3-4afb-bf9f-ca13a6f5c6ed] received
[2022-02-24 15:40:00,194: INFO/MainProcess] Task create_task[a0ef877c-e76a-4684-9de0-db807dbeccbe] received
[2022-02-24 15:40:05,036: INFO/ForkPoolWorker-7] Task create_task[250dfdd8-a795-4478-8d0d-52c0179f4242] succeeded in 10.017474483989645s: True
[2022-02-24 15:40:06,685: INFO/ForkPoolWorker-1] Task create_task[62822c86-effd-4fdf-b472-790e5925b98d] succeeded in 10.03253166200011s: True
[2022-02-24 15:40:08,577: INFO/ForkPoolWorker-2] Task create_task[404430b1-aa09-4506-b355-b0cf17392500] succeeded in 10.02587469900027s: True
[2022-02-24 15:40:10,212: INFO/ForkPoolWorker-4] Task create_task[a0ef877c-e76a-4684-9de0-db807dbeccbe] succeeded in 10.016830900975037s: True
[2022-02-24 15:40:15,524: INFO/ForkPoolWorker-7] Task create_task[9f97775f-a88b-406e-887a-a4b7ce72680f] succeeded in 20.020875469985185s: True
[2022-02-24 15:40:16,338: INFO/ForkPoolWorker-7] Task create_task[705679f2-8b21-4f79-a6b2-6532fd1ad706] succeeded in 20.031379082996864s: True
[2022-02-24 15:40:17,088: INFO/ForkPoolWorker-7] Task create_task[2c3da395-c6d3-4770-8845-a27e369a65fa] succeeded in 20.035438385006273s: True
[2022-02-24 15:40:18,271: INFO/ForkPoolWorker-1] Task create_task[0c23297a-43b3-4b49-b725-0443a5e3cacc] succeeded in 20.031608598015737s: True
[2022-02-24 15:40:19,066: INFO/ForkPoolWorker-2] Task create_task[28737781-5afe-445b-a988-7784d651f769] succeeded in 20.03327841599821s: True
[2022-02-24 15:40:19,831: INFO/ForkPoolWorker-1] Task create_task[70db2d6e-1fe3-4afb-bf9f-ca13a6f5c6ed] succeeded in 20.03907458501635s: True
[2022-02-24 15:40:25,920: INFO/ForkPoolWorker-8] Task create_task[03353ed7-cbb4-427c-80ff-a27f598388d7] succeeded in 30.038001890003216s: True
[2022-02-24 15:40:27,464: INFO/ForkPoolWorker-8] Task create_task[01eeab20-f8c5-4159-8a4d-a0fb1ac36e91] succeeded in 30.02961626899196s: True
[2022-02-24 15:40:27,680: INFO/ForkPoolWorker-8] Task create_task[077a3691-9bf2-40b0-8569-8bd1ce1a5eda] succeeded in 30.036150853993604s: True
[2022-02-24 15:40:27,931: INFO/ForkPoolWorker-8] Task create_task[bd0a3575-bf49-4d83-8aac-9c1211780caf] succeeded in 30.04312577302335s: True
[2022-02-24 15:40:29,517: INFO/ForkPoolWorker-3] Task create_task[1c0376a7-71d0-4787-8ca5-bc087db0a2e4] succeeded in 30.021069929003716s: True
[2022-02-24 15:41:57,767: INFO/MainProcess] Task create_task[12054b05-f2bd-48fe-bce1-5464056a8863] received
[2022-02-24 15:41:58,134: INFO/MainProcess] Task create_task[ce82d653-2e8b-4dc4-8ced-b229f0030385] received
[2022-02-24 15:41:58,502: INFO/MainProcess] Task create_task[ab84dc7c-9f5f-4946-b623-b89107fe87be] received
[2022-02-24 15:41:58,825: INFO/MainProcess] Task create_task[309627be-ce5d-4fe0-aeb7-412c26bb0fae] received
[2022-02-24 15:41:59,143: INFO/MainProcess] Task create_task[dd864be4-ac7a-4c05-96ef-d99cb8a6e4d3] received
[2022-02-24 15:41:59,539: INFO/MainProcess] Task create_task[32198e62-11b5-4a53-aee4-ad16ee045aec] received
[2022-02-24 15:42:00,269: INFO/MainProcess] Task create_task[5683e80c-024a-4965-b1ab-edba5ef84049] received
[2022-02-24 15:42:00,669: INFO/MainProcess] Task create_task[f0c273bf-12cb-4aab-bd4b-4bbcce9463b7] received
[2022-02-24 15:42:01,010: INFO/MainProcess] Task create_task[ecdc261a-602d-4f99-8a52-99b77bbe79c5] received
[2022-02-24 15:42:01,331: INFO/MainProcess] Task create_task[7f27bd72-42f1-4208-86e0-a3a98308a593] received
[2022-02-24 15:42:08,518: INFO/ForkPoolWorker-8] Task create_task[ab84dc7c-9f5f-4946-b623-b89107fe87be] succeeded in 10.01221205398906s: True
[2022-02-24 15:42:10,299: INFO/ForkPoolWorker-1] Task create_task[5683e80c-024a-4965-b1ab-edba5ef84049] succeeded in 10.023753365996527s: True
[2022-02-24 15:42:11,024: INFO/ForkPoolWorker-8] Task create_task[ecdc261a-602d-4f99-8a52-99b77bbe79c5] succeeded in 10.009816282981774s: True
[2022-02-24 15:42:18,160: INFO/ForkPoolWorker-7] Task create_task[ce82d653-2e8b-4dc4-8ced-b229f0030385] succeeded in 20.023142501013353s: True
[2022-02-24 15:42:18,845: INFO/ForkPoolWorker-7] Task create_task[309627be-ce5d-4fe0-aeb7-412c26bb0fae] succeeded in 20.01866723698913s: True
[2022-02-24 15:42:19,566: INFO/ForkPoolWorker-8] Task create_task[32198e62-11b5-4a53-aee4-ad16ee045aec] succeeded in 20.02277739800047s: True
[2022-02-24 15:42:20,678: INFO/ForkPoolWorker-8] Task create_task[f0c273bf-12cb-4aab-bd4b-4bbcce9463b7] succeeded in 20.002748644998064s: True
[2022-02-24 15:42:27,800: INFO/ForkPoolWorker-7] Task create_task[12054b05-f2bd-48fe-bce1-5464056a8863] succeeded in 30.029850428021746s: True
[2022-02-24 15:42:29,174: INFO/ForkPoolWorker-7] Task create_task[dd864be4-ac7a-4c05-96ef-d99cb8a6e4d3] succeeded in 30.02472164298524s: True
[2022-02-24 15:42:31,343: INFO/ForkPoolWorker-1] Task create_task[7f27bd72-42f1-4208-86e0-a3a98308a593] succeeded in 30.009274194017053s: True
